./src/Article/2025-08-15日雑記(ブローガストDay8).md
./src/Article/さらば東大読書メモ.md
./src/Article/なぜツイッターは陰謀論の巣窟に見えるのか.md
./src/Article/なぜ箇条書きから文章をおこすのはむずかしいのか(ブローガストDay3).md
./src/Article/なにを記録するのか？.md
./src/Article/デジタルガーデンの公開をはじめた。.md
./src/Article/トインビー・ブーム.md
./src/Article/ポール・リクール（文庫クセジュ）2024-04-25.md
./src/Article/ロギング仕事術の要点.md
./src/Article/ロギング仕事術の読書ログへの応用.md
./src/Article/今日のフリーライティング(ブローガストDay12).md
./src/Article/介護民俗学という希望を読む.md
./src/Article/介護民俗学という希望読書メモ.md
./src/Article/友達と寿司食った(ブローガストDay7くらい？).md
./src/Article/名刺代わりの10冊(ブローガストDay9).md
./src/Article/喫茶店の老人.md
./src/Article/悪の凡庸さを問い直す（読書メモ）.md
./src/Article/推敲に取り組んでいきたい.md
./src/Article/時間銀行をやりたい(ブローガストDay5).md
./src/Article/英語教育廃止論の論点一覧.md
./src/Article/英語教育論争はなぜ終わらないのか.md
./src/Article/読書ログ.md
./src/Article/課題図書を設定するか（ブローガストday2）.md
./src/Book/7つの安いモノから見る世界の歴史.md
./src/Book/NO SIGNAL(ノーシグナル).md
./src/Book/Not All Dead White Men Classics and Misogyny in the Digital Age.md
./src/Book/〈個〉の誕生.md
./src/Book/「生活保護なめんな」ジャンパー事件から考える.md
./src/Book/これからの図書館情報学.md
./src/Book/さらば東大 越境する知識人の半世紀.md
./src/Book/なぜ働いていると本が読めなくなるのか.md
./src/Book/なぜ私たちは、喜んで“資本主義の奴隷”になるのか？.md
./src/Book/なぜ科学を語ってすれ違うのか ソーカル事件を超えて.md
./src/Book/まったく新しいアカデミック・ライティングの教科書.md
./src/Book/アセクシュアルアロマンティック入門.md
./src/Book/アメリカ大都市の死と生.md
./src/Book/カール・ポランニーの経済学入門.md
./src/Book/キマイラの原理.md
./src/Book/キリギリスの哲学.md
./src/Book/クィア・レヴィナス.md
./src/Book/コンヴィヴィアリティのための道具.md
./src/Book/バーナード・ウィリアムズの哲学.md
./src/Book/フェイクニュースの生態系.md
./src/Book/フェイクニュースを哲学する.md
./src/Book/フェミニスト・シティ.md
./src/Book/ポスト構造主義フェミニズムとは何だったのか.md
./src/Book/ラディカル・オーラル・ヒストリー.md
./src/Book/ロギング仕事術（大和出版）.md
./src/Book/中世の幽霊.md
./src/Book/五十八歳、山の家で猫と暮らす.md
./src/Book/人間はどこまで家畜か.md
./src/Book/介護民俗学という希望.md
./src/Book/公開性の根源.md
./src/Book/反動のレトリック.md
./src/Book/古ヨーロッパの神々.md
./src/Book/名著で学ぶ政治学.md
./src/Book/図書館を学問する.md
./src/Book/地球に降り立つ 新気候体制を生き抜くための政治.md
./src/Book/大衆演劇への旅.md
./src/Book/小屋ぐらし.md
./src/Book/岩井克人「欲望の貨幣論」を語る.md
./src/Book/怪異の表象空間.md
./src/Book/摩擦(アナ・ツィン).md
./src/Book/日本の政策はなぜ機能しないのか.md
./src/Book/暴政.md
./src/Book/杉浦康平と写植の時代.md
./src/Book/村に火をつけ、白痴になれ.md
./src/Book/検証政治とカネ.md
./src/Book/楽しい政治 「つくられた歴史」と「つくる現場」から現代を知る.md
./src/Book/活断層地震はどこまで予測できるか 日本列島で今起きていること.md
./src/Book/現代を生きる日本史.md
./src/Book/現代フランス哲学(ちくま新書).md
./src/Book/男はクズと言ったら性差別になるのか.md
./src/Book/相互扶助再論.md
./src/Book/群れから逸れて生きるための自学自習法.md
./src/Book/脳がわかれば心がわかるか.md
./src/Book/自公政権とは何か.md
./src/Book/英語教育論争史.md
./src/Book/表現の自由 「政治的中立性」を問う.md
./src/Book/認知アポカリプス  文明崩壊の社会学.md
./src/Book/誰のために法は生まれた.md
./src/Book/論理的思考とは何か.md
./src/Book/贈与の歴史学.md
./src/Book/路地裏が文化を生む.md
./src/Book/関西の隠れキリシタン発見.md
./src/Book/関西大衆食堂の社会史.md
./src/Book/離脱・発言・忠誠.md
./src/Book/韓国、男子.md
./src/Book/食べる(書籍).md
./src/Glossary/FSRS.md
./src/Glossary/MAUSS.md
./src/Glossary/Omnivore.md
./src/Glossary/アウトライナー.md
./src/Glossary/アセクシュアル.md
./src/Glossary/アナキズム.md
./src/Glossary/アラショナリティ原理.md
./src/Glossary/アルカナ・インペリィ.md
./src/Glossary/カーセラル・フェミニズム.md
./src/Glossary/スプリット・アトラクション・モデル.md
./src/Glossary/性器中心主義.md
./src/Glossary/社会史.md
./src/Glossary/第三者効果.md
./src/Glossary/第三者認識.md
./src/People/アナ・チン.md
./src/People/アネマリー・モル.md
./src/People/アルバート・O.ハーシュマン.md
./src/People/トマス・ホッブズ.md
./src/People/ニッコロ・マキァヴェッリ.md
./src/People/ピョートル・クロポトキン.md
./src/People/ブリス・ポルトラーノ.md
./src/People/ブリュノ・ラトゥール.md
./src/People/坂口ふみ.md
./src/People/大竹弘二.md
./src/People/山口昌男.md
./src/People/山本芳久.md
./src/People/岩井克人.md
./src/People/市川正人.md
./src/People/杉谷和哉.md
./src/People/松浦優.md
./src/People/江利川春雄.md
./src/People/渡邉雅子.md
./src/People/網野善彦.md
./src/People/見田宗介.md
./src/People/阿部謹也.md
./src/People/高坂正堯.md